
>>> 2020-10-27T13:40:37.250Z
top - 13:40:37 up 21:04,  0 users,  load average: 0.22, 0.06, 0.02
Tasks:   3 total,   1 running,   2 sleeping,   0 stopped,   0 zombie
%Cpu(s):  0.3 us,  0.5 sy,  0.0 ni, 99.2 id,  0.0 wa,  0.0 hi,  0.0 si,  0.0 st
KiB Mem :  2039264 total,   711600 free,   272732 used,  1054932 buff/cache
KiB Swap:  1048572 total,  1048572 free,        0 used.  1643808 avail Mem 

  PID USER      PR  NI    VIRT    RES    SHR S  %CPU %MEM     TIME+ COMMAND
    1 root      20   0  325052  30512  25240 S   0.0  1.5   0:00.19 node
   15 root      20   0    4280    740    672 S   0.0  0.0   0:00.00 sh
   16 root      20   0   40908   3056   2676 R   0.0  0.1   0:00.00 top

>>> 2020-10-27T13:40:42.564Z
top - 13:40:42 up 21:04,  0 users,  load average: 0.45, 0.11, 0.04
Tasks:   3 total,   1 running,   2 sleeping,   0 stopped,   0 zombie
%Cpu(s):  0.3 us,  0.5 sy,  0.0 ni, 99.2 id,  0.0 wa,  0.0 hi,  0.0 si,  0.0 st
KiB Mem :  2039264 total,   711072 free,   272752 used,  1055440 buff/cache
KiB Swap:  1048572 total,  1048572 free,        0 used.  1643664 avail Mem 

  PID USER      PR  NI    VIRT    RES    SHR S  %CPU %MEM     TIME+ COMMAND
    1 root      20   0  325052  30472  25196 S   0.0  1.5   0:00.17 node
   16 root      20   0    4280    708    644 S   0.0  0.0   0:00.00 sh
   17 root      20   0   40908   3060   2676 R   0.0  0.2   0:00.00 top

>>> 2020-10-27T13:54:58.985Z
top - 13:54:58 up 21:18,  0 users,  load average: 0.21, 0.06, 0.02
Tasks:   3 total,   1 running,   2 sleeping,   0 stopped,   0 zombie
%Cpu(s):  0.3 us,  0.5 sy,  0.0 ni, 99.2 id,  0.0 wa,  0.0 hi,  0.0 si,  0.0 st
KiB Mem :  2039264 total,   716540 free,   270400 used,  1052324 buff/cache
KiB Swap:  1048572 total,  1048572 free,        0 used.  1647056 avail Mem 

  PID USER      PR  NI    VIRT    RES    SHR S  %CPU %MEM     TIME+ COMMAND
    1 root      20   0  325052  30612  25320 S   0.0  1.5   0:00.21 node
   15 root      20   0    4280    720    656 S   0.0  0.0   0:00.00 sh
   16 root      20   0   40908   3040   2664 R   0.0  0.1   0:00.00 top

>>> 2020-10-27T16:34:37.712Z
top - 16:34:37 up 23:58,  0 users,  load average: 0.07, 0.02, 0.00
Tasks:   3 total,   1 running,   2 sleeping,   0 stopped,   0 zombie
%Cpu(s):  0.3 us,  0.5 sy,  0.0 ni, 99.2 id,  0.0 wa,  0.0 hi,  0.0 si,  0.0 st
KiB Mem :  2039264 total,   630400 free,   280204 used,  1128660 buff/cache
KiB Swap:  1048572 total,  1048572 free,        0 used.  1634828 avail Mem 

  PID USER      PR  NI    VIRT    RES    SHR S  %CPU %MEM     TIME+ COMMAND
    1 root      20   0  325052  30620  25308 S   0.0  1.5   0:00.36 node
   15 root      20   0    4280    700    636 S   0.0  0.0   0:00.00 sh
   16 root      20   0   40908   3064   2680 R   0.0  0.2   0:00.04 top

>>> 2020-10-27T16:35:04.353Z
top - 16:35:04 up 23:58,  0 users,  load average: 0.05, 0.01, 0.00
Tasks:   5 total,   1 running,   4 sleeping,   0 stopped,   0 zombie
%Cpu(s):  0.3 us,  0.5 sy,  0.0 ni, 99.2 id,  0.0 wa,  0.0 hi,  0.0 si,  0.0 st
KiB Mem :  2039264 total,   594584 free,   313620 used,  1131060 buff/cache
KiB Swap:  1048572 total,  1048572 free,        0 used.  1600956 avail Mem 

  PID USER      PR  NI    VIRT    RES    SHR S  %CPU %MEM     TIME+ COMMAND
    1 root      20   0  719692  62880  32400 S   0.0  3.1   0:01.76 node
   17 root      20   0    4280    752    684 S   0.0  0.0   0:00.03 sh
   18 root      20   0  325052  30636  25332 S   0.0  1.5   0:00.16 node
   27 root      20   0    4280    740    672 S   0.0  0.0   0:00.00 sh
   28 root      20   0   40908   3072   2692 R   0.0  0.2   0:00.01 top
