
>>> 2020-10-27T13:40:37.250Z
top - 13:40:37 up 21:04,  0 users,  load average: 0.22, 0.06, 0.02
Tasks:   3 total,   1 running,   2 sleeping,   0 stopped,   0 zombie
%Cpu(s):  0.3 us,  0.5 sy,  0.0 ni, 99.2 id,  0.0 wa,  0.0 hi,  0.0 si,  0.0 st
KiB Mem :  2039264 total,   711600 free,   272732 used,  1054932 buff/cache
KiB Swap:  1048572 total,  1048572 free,        0 used.  1643808 avail Mem 

  PID USER      PR  NI    VIRT    RES    SHR S  %CPU %MEM     TIME+ COMMAND
    1 root      20   0  325052  30512  25240 S   0.0  1.5   0:00.19 node
   15 root      20   0    4280    740    672 S   0.0  0.0   0:00.00 sh
   16 root      20   0   40908   3056   2676 R   0.0  0.1   0:00.00 top

>>> 2020-10-27T13:40:42.564Z
top - 13:40:42 up 21:04,  0 users,  load average: 0.45, 0.11, 0.04
Tasks:   3 total,   1 running,   2 sleeping,   0 stopped,   0 zombie
%Cpu(s):  0.3 us,  0.5 sy,  0.0 ni, 99.2 id,  0.0 wa,  0.0 hi,  0.0 si,  0.0 st
KiB Mem :  2039264 total,   711072 free,   272752 used,  1055440 buff/cache
KiB Swap:  1048572 total,  1048572 free,        0 used.  1643664 avail Mem 

  PID USER      PR  NI    VIRT    RES    SHR S  %CPU %MEM     TIME+ COMMAND
    1 root      20   0  325052  30472  25196 S   0.0  1.5   0:00.17 node
   16 root      20   0    4280    708    644 S   0.0  0.0   0:00.00 sh
   17 root      20   0   40908   3060   2676 R   0.0  0.2   0:00.00 top

>>> 2020-10-27T13:54:58.985Z
top - 13:54:58 up 21:18,  0 users,  load average: 0.21, 0.06, 0.02
Tasks:   3 total,   1 running,   2 sleeping,   0 stopped,   0 zombie
%Cpu(s):  0.3 us,  0.5 sy,  0.0 ni, 99.2 id,  0.0 wa,  0.0 hi,  0.0 si,  0.0 st
KiB Mem :  2039264 total,   716540 free,   270400 used,  1052324 buff/cache
KiB Swap:  1048572 total,  1048572 free,        0 used.  1647056 avail Mem 

  PID USER      PR  NI    VIRT    RES    SHR S  %CPU %MEM     TIME+ COMMAND
    1 root      20   0  325052  30612  25320 S   0.0  1.5   0:00.21 node
   15 root      20   0    4280    720    656 S   0.0  0.0   0:00.00 sh
   16 root      20   0   40908   3040   2664 R   0.0  0.1   0:00.00 top

>>> 2020-10-27T14:35:46.430Z
top - 14:35:46 up 21:59,  0 users,  load average: 0.19, 0.27, 0.18
Tasks:   5 total,   1 running,   4 sleeping,   0 stopped,   0 zombie
%Cpu(s):  0.3 us,  0.5 sy,  0.0 ni, 99.2 id,  0.0 wa,  0.0 hi,  0.0 si,  0.0 st
KiB Mem :  2039264 total,   621664 free,   302936 used,  1114664 buff/cache
KiB Swap:  1048572 total,  1048572 free,        0 used.  1607112 avail Mem 

  PID USER      PR  NI    VIRT    RES    SHR S  %CPU %MEM     TIME+ COMMAND
    1 root      20   0  633856  49880  30544 S   0.0  2.4   0:01.05 node
   18 root      20   0    4280    724    656 S   0.0  0.0   0:00.00 sh
   19 root      20   0  594236  41860  30348 S   0.0  2.1   0:00.26 node
   26 root      20   0    4280    736    672 S   0.0  0.0   0:00.00 sh
   27 root      20   0   40908   3172   2792 R   0.0  0.2   0:00.00 top

>>> 2020-10-27T14:36:21.057Z
top - 14:36:21 up 21:59,  0 users,  load average: 0.10, 0.24, 0.17
Tasks:   5 total,   1 running,   4 sleeping,   0 stopped,   0 zombie
%Cpu(s):  0.3 us,  0.5 sy,  0.0 ni, 99.2 id,  0.0 wa,  0.0 hi,  0.0 si,  0.0 st
KiB Mem :  2039264 total,   630472 free,   294496 used,  1114296 buff/cache
KiB Swap:  1048572 total,  1048572 free,        0 used.  1615920 avail Mem 

  PID USER      PR  NI    VIRT    RES    SHR S  %CPU %MEM     TIME+ COMMAND
    1 root      20   0  633600  44672  30864 S   0.0  2.2   0:01.17 node
   18 root      20   0    4280    724    656 S   0.0  0.0   0:00.00 sh
   19 root      20   0  593980  40260  31244 S   0.0  2.0   0:00.36 node
   28 root      20   0    4280    708    640 S   0.0  0.0   0:00.00 sh
   29 root      20   0   40908   3088   2712 R   0.0  0.2   0:00.00 top

>>> 2020-10-27T14:36:45.230Z
top - 14:36:45 up 22:00,  0 users,  load average: 0.07, 0.22, 0.16
Tasks:   5 total,   1 running,   4 sleeping,   0 stopped,   0 zombie
%Cpu(s):  0.3 us,  0.5 sy,  0.0 ni, 99.2 id,  0.0 wa,  0.0 hi,  0.0 si,  0.0 st
KiB Mem :  2039264 total,   630496 free,   294500 used,  1114268 buff/cache
KiB Swap:  1048572 total,  1048572 free,        0 used.  1615940 avail Mem 

  PID USER      PR  NI    VIRT    RES    SHR S  %CPU %MEM     TIME+ COMMAND
    1 root      20   0  633600  44672  30864 S   0.0  2.2   0:01.17 node
   18 root      20   0    4280    724    656 S   0.0  0.0   0:00.00 sh
   19 root      20   0  593980  40420  31244 S   0.0  2.0   0:00.38 node
   30 root      20   0    4280    744    676 S   0.0  0.0   0:00.00 sh
   31 root      20   0   40908   3052   2672 R   0.0  0.1   0:00.00 top

>>> 2020-10-27T14:38:22.042Z
top - 14:38:22 up 22:01,  0 users,  load average: 0.56, 0.28, 0.19
Tasks:   6 total,   1 running,   5 sleeping,   0 stopped,   0 zombie
%Cpu(s):  0.3 us,  0.5 sy,  0.0 ni, 99.1 id,  0.0 wa,  0.0 hi,  0.0 si,  0.0 st
KiB Mem :  2039264 total,   594152 free,   315844 used,  1129268 buff/cache
KiB Swap:  1048572 total,  1048572 free,        0 used.  1592468 avail Mem 

  PID USER      PR  NI    VIRT    RES    SHR S  %CPU %MEM     TIME+ COMMAND
    1 root      20   0  634352  50572  30780 S   0.0  2.5   0:00.71 node
   17 root      20   0    4280    756    692 S   0.0  0.0   0:00.00 sh
   18 root      20   0  757532  41272  30356 S   0.0  2.0   0:00.26 node
   31 root      20   0  594304  42116  30420 S   0.0  2.1   0:00.26 node
   38 root      20   0    4280    736    672 S   0.0  0.0   0:00.00 sh
   39 root      20   0   40908   3104   2724 R   0.0  0.2   0:00.05 top

>>> 2020-10-27T14:38:37.712Z
top - 14:38:37 up 22:02,  0 users,  load average: 0.51, 0.28, 0.19
Tasks:   6 total,   1 running,   5 sleeping,   0 stopped,   0 zombie
%Cpu(s):  0.3 us,  0.5 sy,  0.0 ni, 99.1 id,  0.0 wa,  0.0 hi,  0.0 si,  0.0 st
KiB Mem :  2039264 total,   601352 free,   308944 used,  1128968 buff/cache
KiB Swap:  1048572 total,  1048572 free,        0 used.  1599520 avail Mem 

  PID USER      PR  NI    VIRT    RES    SHR S  %CPU %MEM     TIME+ COMMAND
    1 root      20   0  635120  46956  30908 S   0.0  2.3   0:00.83 node
   17 root      20   0    4280    756    692 S   0.0  0.0   0:00.00 sh
   18 root      20   0  822812  39564  30484 S   0.0  1.9   0:00.44 node
   53 root      20   0  594036  42168  30580 S   0.0  2.1   0:00.38 node
   61 root      20   0    4280    748    680 S   0.0  0.0   0:00.00 sh
   62 root      20   0   40908   3072   2696 R   0.0  0.2   0:00.00 top

>>> 2020-10-27T14:39:25.006Z
top - 14:39:24 up 22:02,  0 users,  load average: 0.37, 0.27, 0.19
Tasks:   6 total,   1 running,   5 sleeping,   0 stopped,   0 zombie
%Cpu(s):  0.3 us,  0.5 sy,  0.0 ni, 99.1 id,  0.0 wa,  0.0 hi,  0.0 si,  0.0 st
KiB Mem :  2039264 total,   589420 free,   318404 used,  1131440 buff/cache
KiB Swap:  1048572 total,  1048572 free,        0 used.  1592112 avail Mem 

  PID USER      PR  NI    VIRT    RES    SHR S  %CPU %MEM     TIME+ COMMAND
    1 root      20   0  633332  49096  30508 S   0.0  2.4   0:00.73 node
   17 root      20   0    4280    704    636 S   0.0  0.0   0:00.00 sh
   18 root      20   0  757032  41168  30464 S   0.0  2.0   0:00.57 node
   31 root      20   0  594272  41920  30420 S   0.0  2.1   0:00.70 node
   38 root      20   0    4280    680    612 S   0.0  0.0   0:00.00 sh
   39 root      20   0   40908   3000   2624 R   0.0  0.1   0:00.00 top

>>> 2020-10-27T14:39:28.348Z
top - 14:39:28 up 22:02,  0 users,  load average: 0.37, 0.27, 0.19
Tasks:   6 total,   1 running,   5 sleeping,   0 stopped,   0 zombie
%Cpu(s):  0.3 us,  0.5 sy,  0.0 ni, 99.1 id,  0.0 wa,  0.0 hi,  0.0 si,  0.0 st
KiB Mem :  2039264 total,   592468 free,   315416 used,  1131380 buff/cache
KiB Swap:  1048572 total,  1048572 free,        0 used.  1595132 avail Mem 

  PID USER      PR  NI    VIRT    RES    SHR S  %CPU %MEM     TIME+ COMMAND
    1 root      20   0  634356  45604  30828 S   0.0  2.2   0:00.79 node
   17 root      20   0    4280    704    636 S   0.0  0.0   0:00.00 sh
   18 root      20   0  822568  41344  30464 S   0.0  2.0   0:00.59 node
   31 root      20   0  594272  42660  30996 S   0.0  2.1   0:00.73 node
   40 root      20   0    4280    704    636 S   0.0  0.0   0:00.00 sh
   41 root      20   0   40908   3116   2740 R   0.0  0.2   0:00.00 top

>>> 2020-10-27T14:39:45.292Z
top - 14:39:45 up 22:03,  0 users,  load average: 0.26, 0.25, 0.18
Tasks:   6 total,   1 running,   5 sleeping,   0 stopped,   0 zombie
%Cpu(s):  0.3 us,  0.5 sy,  0.0 ni, 99.1 id,  0.0 wa,  0.0 hi,  0.0 si,  0.0 st
KiB Mem :  2039264 total,   601140 free,   306976 used,  1131148 buff/cache
KiB Swap:  1048572 total,  1048572 free,        0 used.  1603688 avail Mem 

  PID USER      PR  NI    VIRT    RES    SHR S  %CPU %MEM     TIME+ COMMAND
    1 root      20   0  633332  43396  30828 S   0.0  2.1   0:00.84 node
   17 root      20   0    4280    704    636 S   0.0  0.0   0:00.00 sh
   18 root      20   0  822312  38748  30592 S   0.0  1.9   0:00.66 node
   31 root      20   0  594272  40528  31316 S   0.0  2.0   0:00.82 node
   42 root      20   0    4280    736    668 S   0.0  0.0   0:00.00 sh
   43 root      20   0   40908   3052   2676 R   0.0  0.1   0:00.00 top

>>> 2020-10-27T14:39:59.836Z
top - 14:39:59 up 22:03,  0 users,  load average: 0.60, 0.32, 0.21
Tasks:   6 total,   1 running,   5 sleeping,   0 stopped,   0 zombie
%Cpu(s):  0.3 us,  0.5 sy,  0.0 ni, 99.1 id,  0.0 wa,  0.0 hi,  0.0 si,  0.0 st
KiB Mem :  2039264 total,   596044 free,   312068 used,  1131152 buff/cache
KiB Swap:  1048572 total,  1048572 free,        0 used.  1598928 avail Mem 

  PID USER      PR  NI    VIRT    RES    SHR S  %CPU %MEM     TIME+ COMMAND
    1 root      20   0  633332  43396  30828 S   0.0  2.1   0:00.84 node
   17 root      20   0    4280    704    636 S   0.0  0.0   0:00.00 sh
   18 root      20   0  888104  39004  30592 S   0.0  1.9   0:00.81 node
   57 root      20   0  594292  42484  30580 S   0.0  2.1   0:01.13 node
   67 root      20   0    4280    696    632 S   0.0  0.0   0:00.00 sh
   68 root      20   0   40908   3048   2668 R   0.0  0.1   0:00.00 top

>>> 2020-10-27T14:40:12.731Z
top - 14:40:12 up 22:03,  0 users,  load average: 0.51, 0.31, 0.20
Tasks:   6 total,   1 running,   5 sleeping,   0 stopped,   0 zombie
%Cpu(s):  0.3 us,  0.5 sy,  0.0 ni, 99.1 id,  0.0 wa,  0.0 hi,  0.0 si,  0.0 st
KiB Mem :  2039264 total,   594740 free,   313372 used,  1131152 buff/cache
KiB Swap:  1048572 total,  1048572 free,        0 used.  1599056 avail Mem 

  PID USER      PR  NI    VIRT    RES    SHR S  %CPU %MEM     TIME+ COMMAND
    1 root      20   0  633332  43396  30828 S   0.0  2.1   0:00.84 node
   17 root      20   0    4280    704    636 S   0.0  0.0   0:00.00 sh
   18 root      20   0  888616  39688  30592 S   0.0  1.9   0:00.96 node
  102 root      20   0  594036  41996  30400 S   0.0  2.1   0:00.79 node
  110 root      20   0    4280    748    684 S   0.0  0.0   0:00.00 sh
  111 root      20   0   40908   3064   2684 R   0.0  0.2   0:00.00 top
